OpenQA.Selenium.WebDriverTimeoutException: Timed out after 10 seconds ---> OpenQA.Selenium.NoSuchElementException: no such element
  (Session info: chrome=32.0.1700.107)
  (Driver info: chromedriver=2.9.248315,platform=Windows NT 6.1 SP1 x86_64)
   at OpenQA.Selenium.Remote.RemoteWebDriver.UnpackAndThrowOnError(Response errorResponse) in c:\Projects\WebDriver\trunk\dotnet\src\webdriver\Remote\RemoteWebDriver.cs:line 996
   at OpenQA.Selenium.Remote.RemoteWebDriver.Execute(String driverCommandToExecute, Dictionary`2 parameters) in c:\Projects\WebDriver\trunk\dotnet\src\webdriver\Remote\RemoteWebDriver.cs:line 849
   at OpenQA.Selenium.Remote.RemoteWebDriver.FindElement(String mechanism, String value) in c:\Projects\WebDriver\trunk\dotnet\src\webdriver\Remote\RemoteWebDriver.cs:line 878
   at OpenQA.Selenium.By.FindElement(ISearchContext context) in c:\Projects\WebDriver\trunk\dotnet\src\webdriver\By.cs:line 309
   at ConsoleApplication1.Selenium.<>c__DisplayClass11.<WebActions>b__0(IWebDriver elem) in c:\Projects\sel-personal\ConsoleApplication1\ConsoleApplication1\Selenium.cs:line 83
   at OpenQA.Selenium.Support.UI.DefaultWait`1.Until[TResult](Func`2 condition) in c:\Projects\WebDriver\trunk\dotnet\src\support\UI\DefaultWait.cs:line 161
   --- End of inner exception stack trace ---
   at OpenQA.Selenium.Support.UI.DefaultWait`1.ThrowTimeoutException(String exceptionMessage, Exception lastException) in c:\Projects\WebDriver\trunk\dotnet\src\support\UI\DefaultWait.cs:line 209
   at OpenQA.Selenium.Support.UI.DefaultWait`1.Until[TResult](Func`2 condition) in c:\Projects\WebDriver\trunk\dotnet\src\support\UI\DefaultWait.cs:line 196
   at ConsoleApplication1.Selenium.WebActions(String elementType, String elementName) in c:\Projects\sel-personal\ConsoleApplication1\ConsoleApplication1\Selenium.cs:line 83
   at ConsoleApplication1.ReadExcel.TestUsingExcel() in c:\Projects\sel-personal\ConsoleApplication1\ConsoleApplication1\ReadExcel.cs:line 66
OpenQA.Selenium.WebDriverTimeoutException: Timed out after 10 seconds ---> OpenQA.Selenium.NoSuchElementException: no such element
  (Session info: chrome=32.0.1700.107)
  (Driver info: chromedriver=2.9.248315,platform=Windows NT 6.1 SP1 x86_64)
   at OpenQA.Selenium.Remote.RemoteWebDriver.UnpackAndThrowOnError(Response errorResponse) in c:\Projects\WebDriver\trunk\dotnet\src\webdriver\Remote\RemoteWebDriver.cs:line 996
   at OpenQA.Selenium.Remote.RemoteWebDriver.Execute(String driverCommandToExecute, Dictionary`2 parameters) in c:\Projects\WebDriver\trunk\dotnet\src\webdriver\Remote\RemoteWebDriver.cs:line 849
   at OpenQA.Selenium.Remote.RemoteWebDriver.FindElement(String mechanism, String value) in c:\Projects\WebDriver\trunk\dotnet\src\webdriver\Remote\RemoteWebDriver.cs:line 878
   at OpenQA.Selenium.By.FindElement(ISearchContext context) in c:\Projects\WebDriver\trunk\dotnet\src\webdriver\By.cs:line 309
   at ConsoleApplication1.Selenium.<>c__DisplayClass11.<WebActions>b__0(IWebDriver elem) in c:\Projects\sel-personal\ConsoleApplication1\ConsoleApplication1\Selenium.cs:line 83
   at OpenQA.Selenium.Support.UI.DefaultWait`1.Until[TResult](Func`2 condition) in c:\Projects\WebDriver\trunk\dotnet\src\support\UI\DefaultWait.cs:line 161
   --- End of inner exception stack trace ---
   at OpenQA.Selenium.Support.UI.DefaultWait`1.ThrowTimeoutException(String exceptionMessage, Exception lastException) in c:\Projects\WebDriver\trunk\dotnet\src\support\UI\DefaultWait.cs:line 209
   at OpenQA.Selenium.Support.UI.DefaultWait`1.Until[TResult](Func`2 condition) in c:\Projects\WebDriver\trunk\dotnet\src\support\UI\DefaultWait.cs:line 196
   at ConsoleApplication1.Selenium.WebActions(String elementType, String elementName) in c:\Projects\sel-personal\ConsoleApplication1\ConsoleApplication1\Selenium.cs:line 83
   at ConsoleApplication1.ReadExcel.TestUsingExcel() in c:\Projects\sel-personal\ConsoleApplication1\ConsoleApplication1\ReadExcel.cs:line 66
OpenQA.Selenium.WebDriverTimeoutException: Timed out after 10 seconds ---> OpenQA.Selenium.NoSuchElementException: no such element
  (Session info: chrome=32.0.1700.107)
  (Driver info: chromedriver=2.9.248315,platform=Windows NT 6.1 SP1 x86_64)
   at OpenQA.Selenium.Remote.RemoteWebDriver.UnpackAndThrowOnError(Response errorResponse) in c:\Projects\WebDriver\trunk\dotnet\src\webdriver\Remote\RemoteWebDriver.cs:line 996
   at OpenQA.Selenium.Remote.RemoteWebDriver.Execute(String driverCommandToExecute, Dictionary`2 parameters) in c:\Projects\WebDriver\trunk\dotnet\src\webdriver\Remote\RemoteWebDriver.cs:line 849
   at OpenQA.Selenium.Remote.RemoteWebDriver.FindElement(String mechanism, String value) in c:\Projects\WebDriver\trunk\dotnet\src\webdriver\Remote\RemoteWebDriver.cs:line 878
   at OpenQA.Selenium.By.FindElement(ISearchContext context) in c:\Projects\WebDriver\trunk\dotnet\src\webdriver\By.cs:line 309
   at ConsoleApplication1.Selenium.<>c__DisplayClass11.<WebActions>b__0(IWebDriver elem) in c:\Projects\sel-personal\ConsoleApplication1\ConsoleApplication1\Selenium.cs:line 83
   at OpenQA.Selenium.Support.UI.DefaultWait`1.Until[TResult](Func`2 condition) in c:\Projects\WebDriver\trunk\dotnet\src\support\UI\DefaultWait.cs:line 161
   --- End of inner exception stack trace ---
   at OpenQA.Selenium.Support.UI.DefaultWait`1.ThrowTimeoutException(String exceptionMessage, Exception lastException) in c:\Projects\WebDriver\trunk\dotnet\src\support\UI\DefaultWait.cs:line 209
   at OpenQA.Selenium.Support.UI.DefaultWait`1.Until[TResult](Func`2 condition) in c:\Projects\WebDriver\trunk\dotnet\src\support\UI\DefaultWait.cs:line 196
   at ConsoleApplication1.Selenium.WebActions(String elementType, String elementName) in c:\Projects\sel-personal\ConsoleApplication1\ConsoleApplication1\Selenium.cs:line 83
   at ConsoleApplication1.ReadExcel.TestUsingExcel() in c:\Projects\sel-personal\ConsoleApplication1\ConsoleApplication1\ReadExcel.cs:line 66
